C51 COMPILER V9.60.0.0   MAIN                                                              03/20/2022 10:10:14 PAGE 1   


C51 COMPILER V9.60.0.0, COMPILATION OF MODULE MAIN
OBJECT MODULE PLACED IN .\Objects\Main.obj
COMPILER INVOKED BY: C:\Keil_v5\C51\BIN\C51.EXE ..\Main.c OPTIMIZE(8,SPEED) BROWSE DEBUG OBJECTEXTEND PRINT(.\Listings\M
                    -ain.lst) TABS(2) OBJECT(.\Objects\Main.obj)

line level    source

   1          #include <at89c5131.h>
   2          #include "lcd.h"        //Header file with LCD interfacing functions
   3          #include "MorseCode.h"  //Header file for Morse Code 
   4          
   5          sbit LED=P1^7;
   6          
   7          /*
   8          Port P0.7 is used for the audio signal output
   9          */  
  10          //Main function
  11          
  12          void main(void)
  13          {
  14   1          
  15   1        //Call initialization functions
  16   1        lcd_init();
  17   1      
  18   1        
  19   1        // Read input nibble here
  20   1        P1=0x0F;
  21   1      
  22   1      
  23   1        if (P1==0x01){
  24   2          lcd_cmd(0x80);
  25   2          lcd_write_string("A");
  26   2          morsea();}
  27   1        else if (P1==0x02){
  28   2          lcd_cmd(0x80);
  29   2          lcd_write_string("B");
  30   2          morseb();}
  31   1        else if (P1==0x03){
  32   2          lcd_cmd(0x80);
  33   2          lcd_write_string("C");
  34   2          morsec();}
  35   1        else if (P1==0x04){
  36   2          lcd_cmd(0x80);
  37   2          lcd_write_string("D");
  38   2          morsed();}
  39   1        else {
  40   2          lcd_cmd(0x80);
  41   2          lcd_write_string("E");
  42   2          morsee(); } 
  43   1      PCON |=1;
  44   1        // Insert Priority Logic
  45   1        // Inside each condition, call the functions from MorseCode.h. Fill functions in MorseCode.h
  46   1        // Write to LCD using function lcd_write_string() in side the condition as well
  47   1        
  48   1        
  49   1        // 
  50   1        
  51   1        
  52   1      }


C51 COMPILER V9.60.0.0   MAIN                                                              03/20/2022 10:10:14 PAGE 2   

MODULE INFORMATION:   STATIC OVERLAYABLE
   CODE SIZE        =    430    ----
   CONSTANT SIZE    =     10    ----
   XDATA SIZE       =   ----    ----
   PDATA SIZE       =   ----    ----
   DATA SIZE        =   ----       3
   IDATA SIZE       =   ----    ----
   BIT SIZE         =   ----    ----
END OF MODULE INFORMATION.


C51 COMPILATION COMPLETE.  0 WARNING(S),  0 ERROR(S)
